2022-03-09 10:50:39 INFO  AspectA:18 - List spring2.controller.BooksAController.getBooks()
2022-03-09 11:11:59 INFO  AspectA:18 - List spring2.controller.BooksAController.getBooks()
2022-03-09 11:33:39 INFO  AspectA:18 - List spring2.controller.BooksAController.getBooks()
2022-03-09 11:34:52 INFO  AspectA:18 - List spring2.controller.BooksAController.getBooks()
2022-03-09 11:36:07 INFO  AspectA:18 - List spring2.controller.BooksAController.getBooks()
2022-03-09 17:16:48 INFO  AspectA:18 - List spring2.controller.BooksAController.getBooks()
2022-03-10 15:22:10 INFO  AspectA:18 - List spring2.controller.BooksAController.getBooks()
2022-03-10 15:39:44 INFO  AspectA:18 - List spring2.controller.BooksAController.getBooks()
2022-03-10 15:41:24 INFO  AspectA:18 - List spring2.controller.BooksAController.getBooks()
2022-03-10 15:42:28 INFO  AspectA:18 - List spring2.controller.BooksAController.getBooks()
2022-03-10 15:45:25 INFO  AspectA:18 - List spring2.controller.BooksAController.getBooks()
2022-03-10 15:47:09 INFO  AspectA:18 - List spring2.controller.BooksAController.getBooks()
2022-03-10 15:57:29 INFO  AspectA:18 - List spring2.controller.BooksAController.getBooks()
2022-03-10 15:58:28 INFO  AspectA:18 - List spring2.controller.BooksAController.getBooks()
2022-03-10 16:05:56 INFO  AspectA:18 - List spring2.controller.BooksAController.getBooks()
2022-03-10 16:07:00 INFO  AspectA:18 - List spring2.controller.BooksAController.getBooks()
2022-03-10 16:14:26 INFO  AspectA:18 - List spring2.controller.BooksAController.getBooks()
2022-03-10 16:16:02 INFO  AspectA:18 - List spring2.controller.BooksAController.getBooks()
2022-03-10 16:16:40 INFO  AspectA:18 - List spring2.controller.BooksAController.getBooks()
2022-03-10 16:18:00 INFO  AspectA:18 - List spring2.controller.BooksAController.getBooks()
2022-03-10 16:18:29 INFO  AspectA:18 - List spring2.controller.BooksAController.getBooks()
2022-03-10 16:19:53 INFO  AspectA:18 - List spring2.controller.BooksAController.getBooks()
2022-03-10 16:28:17 INFO  AspectA:18 - List spring2.controller.BooksAController.getBooks()
2022-03-10 16:29:58 INFO  AspectA:18 - List spring2.controller.BooksAController.getBooks()
2022-03-10 16:30:47 INFO  AspectA:18 - List spring2.controller.BooksAController.getBooks()
2022-03-10 16:34:25 INFO  AspectA:18 - List spring2.controller.BooksAController.getBooks()
2022-03-10 16:36:01 INFO  AspectA:18 - List spring2.controller.BooksAController.getBooks()
2022-03-10 16:36:45 INFO  AspectA:18 - List spring2.controller.BooksAController.getBooks()
2022-03-10 16:45:38 INFO  AspectA:18 - List spring2.controller.BooksAController.getBooks()
2022-03-10 16:47:07 INFO  AspectA:18 - List spring2.controller.BooksAController.getBooks()
2022-03-10 16:48:40 INFO  AspectA:18 - List spring2.controller.BooksAController.getBooks()
2022-03-10 16:50:38 INFO  AspectA:18 - List spring2.controller.BooksAController.getBooks()
2022-03-10 16:52:34 INFO  AspectA:18 - List spring2.controller.BooksAController.getBooks()
2022-03-10 17:43:22 INFO  AspectA:18 - List spring2.controller.BooksAController.getBooks()
2022-03-10 17:47:49 INFO  AspectA:18 - List spring2.controller.BooksAController.getBooks()
2022-03-10 17:48:24 INFO  AspectA:18 - List spring2.controller.BooksAController.getBooks()
2022-03-10 17:53:07 INFO  AspectA:18 - List spring2.controller.BooksAController.getBooks()
2022-03-10 20:00:02 INFO  AspectA:18 - List spring2.controller.BooksAController.getBooks()
2022-03-10 20:01:42 INFO  AspectA:18 - List spring2.controller.BooksAController.getBooks()
2022-03-10 20:04:49 INFO  AspectA:18 - List spring2.controller.BooksAController.getBooks()
2022-03-10 20:16:33 INFO  AspectA:18 - List spring2.controller.BooksAController.getBooks()
2022-03-10 20:19:13 INFO  AspectA:18 - List spring2.controller.BooksAController.getBooks()
2022-03-10 20:32:01 INFO  AspectA:18 - List spring2.controller.BooksAController.getBooks()
2022-03-10 20:49:06 INFO  AspectA:18 - List spring2.controller.BooksAController.getBooks()
2022-03-10 20:50:15 INFO  AspectA:18 - List spring2.controller.BooksAController.getBooks()
2022-03-10 20:51:07 INFO  AspectA:18 - List spring2.controller.BooksAController.getBooks()
2022-03-10 21:06:05 INFO  AspectA:18 - List spring2.controller.BooksAController.getBooks()
2022-03-10 21:07:06 INFO  AspectA:18 - List spring2.controller.BooksAController.getBooks()
2022-03-10 21:14:47 INFO  AspectA:18 - List spring2.controller.BooksAController.getBooks()
2022-03-10 21:15:56 INFO  AspectA:18 - List spring2.controller.BooksAController.getBooks()
2022-03-10 21:18:57 INFO  AspectA:18 - List spring2.controller.BooksAController.getBooks()
2022-03-10 21:23:19 INFO  AspectA:18 - List spring2.controller.BooksAController.getBooks()
2022-03-10 21:24:28 INFO  AspectA:18 - List spring2.controller.BooksAController.getBooks()
2022-03-10 21:25:19 INFO  AspectA:18 - List spring2.controller.BooksAController.getBooks()
2022-03-10 21:26:00 INFO  AspectA:18 - List spring2.controller.BooksAController.getBooks()
2022-03-10 21:28:32 INFO  AspectA:18 - List spring2.controller.BooksAController.getBooks()
2022-03-10 21:48:40 INFO  AspectA:18 - List spring2.controller.BooksAController.getBooks()
2022-03-10 21:50:32 INFO  AspectA:18 - List spring2.controller.BooksAController.getBooks()
2022-03-10 21:50:58 INFO  AspectA:18 - List spring2.controller.BooksAController.getBooks()
2022-03-10 22:13:04 INFO  AspectA:23 - BooksA spring2.controller.BooksAController.postBook(BooksA)
2022-03-10 22:13:25 INFO  AspectA:32 - void spring2.controller.BooksAController.updatePrice(BooksA)
2022-03-10 22:13:25 INFO  AspectA:32 - void spring2.service.BooksAService.updatePrice(BooksA)
2022-03-10 22:13:25 INFO  AspectA:32 - void spring2.repository.BooksARepository.updatePrice(String,int)
2022-03-10 22:13:33 INFO  AspectA:18 - List spring2.controller.BooksAController.getBooks()
2022-03-11 09:22:04 INFO  AspectA:23 - BooksA spring2.controller.BooksAController.postBook(BooksA)
2022-03-11 09:22:16 INFO  AspectA:40 - void spring2.controller.BooksAController.deleteBook(BooksA)
2022-03-11 09:22:16 INFO  AspectA:40 - void spring2.service.BooksAService.deleteBook(BooksA)
2022-03-11 09:22:28 INFO  AspectA:43 - void spring2.controller.AuthorsAController.deleteAuthor(AuthorsA)
2022-03-11 09:22:28 INFO  AspectA:43 - void spring2.service.AuthorsAService.deleteAuthor(AuthorsA)
2022-03-11 09:22:57 INFO  AspectA:28 - AuthorsA spring2.controller.AuthorsAController.postAuthors(AuthorsA)
2022-03-11 09:24:29 INFO  AspectA:23 - BooksA spring2.controller.BooksAController.postBook(BooksA)
2022-03-11 09:26:53 INFO  AspectA:28 - AuthorsA spring2.controller.AuthorsAController.postAuthors(AuthorsA)
2022-03-11 09:27:03 INFO  AspectA:23 - BooksA spring2.controller.BooksAController.postBook(BooksA)
2022-03-11 09:28:12 INFO  AspectA:43 - void spring2.controller.AuthorsAController.deleteAuthor(AuthorsA)
2022-03-11 09:28:12 INFO  AspectA:43 - void spring2.service.AuthorsAService.deleteAuthor(AuthorsA)
2022-03-11 09:28:25 INFO  AspectA:23 - BooksA spring2.controller.BooksAController.postBook(BooksA)
2022-03-11 09:29:10 INFO  AspectA:23 - BooksA spring2.controller.BooksAController.postBook(BooksA)
2022-03-11 09:30:34 INFO  AspectA:23 - BooksA spring2.controller.BooksAController.postBook(BooksA)
2022-03-11 09:32:21 INFO  AspectA:23 - BooksA spring2.controller.BooksAController.postBook(BooksA)
2022-03-11 09:32:59 INFO  AspectA:40 - void spring2.controller.BooksAController.deleteBook(BooksA)
2022-03-11 09:32:59 INFO  AspectA:40 - void spring2.service.BooksAService.deleteBook(BooksA)
2022-03-11 09:33:45 INFO  AspectA:40 - void spring2.controller.BooksAController.deleteBook(BooksA)
2022-03-11 09:33:45 INFO  AspectA:40 - void spring2.service.BooksAService.deleteBook(BooksA)
2022-03-11 09:33:58 INFO  AspectA:18 - List spring2.controller.BooksAController.getBooks()
2022-03-11 09:35:28 INFO  AspectA:37 - void spring2.controller.BooksAController.updatePrice(BooksA)
2022-03-11 09:35:28 INFO  AspectA:37 - void spring2.service.BooksAService.updatePrice(BooksA)
2022-03-11 09:35:28 INFO  AspectA:37 - void spring2.repository.BooksARepository.updatePrice(String,int)
2022-03-11 09:35:55 INFO  AspectA:18 - List spring2.controller.BooksAController.getBooks()
2022-03-11 09:44:01 INFO  AspectA:23 - BooksA spring2.controller.BooksAController.postBook(BooksA)
2022-03-11 10:26:29 INFO  AspectA:23 - BooksA spring2.controller.BooksAController.postBook(BooksA)
2022-03-11 10:27:58 INFO  AspectA:23 - BooksA spring2.controller.BooksAController.postBook(BooksA)
2022-03-11 10:28:53 INFO  AspectA:43 - void spring2.controller.AuthorsAController.deleteAuthor(AuthorsA)
2022-03-11 10:28:53 INFO  AspectA:43 - void spring2.service.AuthorsAService.deleteAuthor(AuthorsA)
2022-03-11 10:30:16 INFO  AspectA:43 - void spring2.controller.AuthorsAController.deleteAuthor(AuthorsA)
2022-03-11 10:30:16 INFO  AspectA:43 - void spring2.service.AuthorsAService.deleteAuthor(AuthorsA)
2022-03-11 10:32:00 INFO  AspectA:43 - void spring2.controller.AuthorsAController.deleteAuthor(AuthorsA)
2022-03-11 10:32:00 INFO  AspectA:43 - void spring2.service.AuthorsAService.deleteAuthor(AuthorsA)
2022-03-11 10:32:56 INFO  AspectA:43 - void spring2.controller.AuthorsAController.deleteAuthor(AuthorsA)
2022-03-11 10:32:56 INFO  AspectA:43 - void spring2.service.AuthorsAService.deleteAuthor(AuthorsA)
2022-03-11 10:41:07 INFO  AspectA:33 - List spring2.controller.AuthorsAController.getAuthors()
2022-03-11 12:05:22 INFO  AspectA:23 - BooksA spring2.controller.BooksAController.postBook(BooksA)
2022-03-11 12:06:03 INFO  AspectA:23 - BooksA spring2.controller.BooksAController.postBook(BooksA)
2022-03-11 12:06:11 INFO  AspectA:18 - List spring2.controller.BooksAController.getBooks()
2022-03-11 12:06:24 INFO  AspectA:33 - List spring2.controller.AuthorsAController.getAuthors()
2022-03-11 12:07:13 INFO  AspectA:23 - BooksA spring2.controller.BooksAController.postBook(BooksA)
2022-03-11 12:07:40 INFO  AspectA:23 - BooksA spring2.controller.BooksAController.postBook(BooksA)
2022-03-11 12:07:45 INFO  AspectA:18 - List spring2.controller.BooksAController.getBooks()
2022-03-11 12:08:01 INFO  AspectA:33 - List spring2.controller.AuthorsAController.getAuthors()
2022-03-11 12:09:52 INFO  AspectA:18 - List spring2.controller.BooksAController.getBooks()
2022-03-11 12:12:24 INFO  AspectA:40 - void spring2.controller.BooksAController.deleteBook(BooksA)
2022-03-11 12:12:24 INFO  AspectA:40 - void spring2.service.BooksAService.deleteBook(BooksA)
2022-03-11 12:12:31 INFO  AspectA:18 - List spring2.controller.BooksAController.getBooks()
2022-03-11 12:14:04 INFO  AspectA:37 - void spring2.controller.BooksAController.updatePrice(BooksA)
2022-03-11 12:14:04 INFO  AspectA:37 - void spring2.service.BooksAService.updatePrice(BooksA)
2022-03-11 12:14:04 INFO  AspectA:37 - void spring2.repository.BooksARepository.updatePrice(String,int)
2022-03-11 12:14:19 INFO  AspectA:18 - List spring2.controller.BooksAController.getBooks()
2022-03-11 12:14:44 INFO  AspectA:23 - BooksA spring2.controller.BooksAController.postBook(BooksA)
2022-03-11 12:14:49 INFO  AspectA:18 - List spring2.controller.BooksAController.getBooks()
2022-03-11 12:16:05 INFO  AspectA:37 - void spring2.controller.BooksAController.updatePrice(BooksA)
2022-03-11 12:16:05 INFO  AspectA:37 - void spring2.service.BooksAService.updatePrice(BooksA)
2022-03-11 12:16:05 INFO  AspectA:37 - void spring2.repository.BooksARepository.updatePrice(String,int)
2022-03-11 12:16:11 INFO  AspectA:18 - List spring2.controller.BooksAController.getBooks()
2022-03-11 12:21:15 INFO  AspectA:23 - BooksA spring2.controller.BooksAController.postBook(BooksA)
2022-03-11 12:22:54 INFO  AspectA:18 - List spring2.controller.BooksAController.getBooks()
2022-03-11 12:23:14 INFO  AspectA:33 - List spring2.controller.AuthorsAController.getAuthors()
2022-03-11 13:12:50 INFO  AspectA:18 - List spring2.controller.BooksAController.getBooks()
2022-03-11 13:13:17 INFO  AspectA:23 - BooksA spring2.controller.BooksAController.postBook(BooksA)
2022-03-11 13:13:23 INFO  AspectA:18 - List spring2.controller.BooksAController.getBooks()
2022-03-11 13:13:35 INFO  AspectA:33 - List spring2.controller.AuthorsAController.getAuthors()
2022-03-11 13:14:47 INFO  AspectA:37 - void spring2.controller.BooksAController.updatePrice(BooksA)
2022-03-11 13:14:47 INFO  AspectA:37 - void spring2.service.BooksAService.updatePrice(BooksA)
2022-03-11 13:14:47 INFO  AspectA:37 - void spring2.repository.BooksARepository.updatePrice(String,int)
2022-03-11 13:14:54 INFO  AspectA:18 - List spring2.controller.BooksAController.getBooks()
2022-03-11 13:15:20 INFO  AspectA:40 - void spring2.controller.BooksAController.deleteBook(BooksA)
2022-03-11 13:15:20 INFO  AspectA:40 - void spring2.service.BooksAService.deleteBook(BooksA)
2022-03-11 13:15:31 INFO  AspectA:18 - List spring2.controller.BooksAController.getBooks()
